# JRE version: OpenJDK Runtime Environment (24.0.1+9) (build 24.0.1+9-30)
# Java VM: OpenJDK 64-Bit Server VM (24.0.1+9-30, mixed mode, emulated-client, sharing, tiered, compressed oops, compressed class ptrs, g1 gc, windows-amd64)
GC Precious Log:
 CardTable entry size: 512
 Card Set container configuration: InlinePtr #cards 4 size 8 Array Of Cards #cards 16 size 48 Howl #buckets 8 coarsen threshold 3686 Howl Bitmap #cards 512 size 80 coarsen threshold 460 Card regions per heap region 1 cards per card region 4096
 CPUs: 16 total, 16 available
 Memory: 15611M
 Large Page Support: Disabled
 NUMA Support: Disabled
 Compressed Oops: Enabled (Zero based)
 Heap Region Size: 2M
 Heap Min Capacity: 8M
 Heap Initial Capacity: 244M
 Heap Max Capacity: 3904M
 Pre-touch: Disabled
 Parallel Workers: 13
 Concurrent Workers: 3
 Concurrent Refinement Workers: 13
 Periodic GC: Disabled
Heap:
 garbage-first heap   total reserved 3997696K, committed 108544K, used 50592K [0x000000070c000000, 0x0000000800000000)
  region size 2048K, 4 young (8192K), 2 survivors (4096K)
 Metaspace       used 87571K, committed 88256K, reserved 1179648K
  class space    used 10767K, committed 11072K, reserved 1048576K
GC Heap History (20 events):
Event: 4.632 GC heap before
{Heap before GC invocations=15 (full 0):
 garbage-first heap   total reserved 3997696K, committed 90112K, used 75797K [0x000000070c000000, 0x0000000800000000)
  region size 2048K, 22 young (45056K), 3 survivors (6144K)
 Metaspace       used 67617K, committed 68224K, reserved 1114112K
  class space    used 7929K, committed 8192K, reserved 1048576K
}
Event: 4.639 GC heap after
{Heap after GC invocations=16 (full 0):
 garbage-first heap   total reserved 3997696K, committed 108544K, used 39168K [0x000000070c000000, 0x0000000800000000)
  region size 2048K, 3 young (6144K), 3 survivors (6144K)
 Metaspace       used 67617K, committed 68224K, reserved 1114112K
  class space    used 7929K, committed 8192K, reserved 1048576K
}
Event: 5.000 GC heap before
{Heap before GC invocations=17 (full 0):
 garbage-first heap   total reserved 3997696K, committed 108544K, used 92416K [0x000000070c000000, 0x0000000800000000)
  region size 2048K, 29 young (59392K), 3 survivors (6144K)
 Metaspace       used 71420K, committed 72064K, reserved 1114112K
  class space    used 8648K, committed 8960K, reserved 1048576K
}
Event: 5.008 GC heap after
{Heap after GC invocations=18 (full 0):
 garbage-first heap   total reserved 3997696K, committed 108544K, used 41804K [0x000000070c000000, 0x0000000800000000)
  region size 2048K, 3 young (6144K), 3 survivors (6144K)
 Metaspace       used 71420K, committed 72064K, reserved 1114112K
  class space    used 8648K, committed 8960K, reserved 1048576K
}
Event: 5.523 GC heap before
{Heap before GC invocations=18 (full 0):
 garbage-first heap   total reserved 3997696K, committed 108544K, used 93004K [0x000000070c000000, 0x0000000800000000)
  region size 2048K, 28 young (57344K), 3 survivors (6144K)
 Metaspace       used 75543K, committed 76224K, reserved 1179648K
  class space    used 9185K, committed 9472K, reserved 1048576K
}
Event: 5.530 GC heap after
{Heap after GC invocations=19 (full 0):
 garbage-first heap   total reserved 3997696K, committed 108544K, used 45710K [0x000000070c000000, 0x0000000800000000)
  region size 2048K, 4 young (8192K), 4 survivors (8192K)
 Metaspace       used 75543K, committed 76224K, reserved 1179648K
  class space    used 9185K, committed 9472K, reserved 1048576K
}
Event: 5.947 GC heap before
{Heap before GC invocations=19 (full 0):
 garbage-first heap   total reserved 3997696K, committed 108544K, used 90766K [0x000000070c000000, 0x0000000800000000)
  region size 2048K, 26 young (53248K), 4 survivors (8192K)
 Metaspace       used 78966K, committed 79744K, reserved 1179648K
  class space    used 9605K, committed 9920K, reserved 1048576K
}
Event: 5.950 GC heap after
{Heap after GC invocations=20 (full 0):
 garbage-first heap   total reserved 3997696K, committed 108544K, used 49111K [0x000000070c000000, 0x0000000800000000)
  region size 2048K, 4 young (8192K), 4 survivors (8192K)
 Metaspace       used 78966K, committed 79744K, reserved 1179648K
  class space    used 9605K, committed 9920K, reserved 1048576K
}
Event: 1406.637 GC heap before
{Heap before GC invocations=21 (full 0):
 garbage-first heap   total reserved 3997696K, committed 108544K, used 90071K [0x000000070c000000, 0x0000000800000000)
  region size 2048K, 24 young (49152K), 4 survivors (8192K)
 Metaspace       used 80252K, committed 81088K, reserved 1179648K
  class space    used 9712K, committed 10048K, reserved 1048576K
}
Event: 1406.642 GC heap after
{Heap after GC invocations=22 (full 0):
 garbage-first heap   total reserved 3997696K, committed 108544K, used 49850K [0x000000070c000000, 0x0000000800000000)
  region size 2048K, 1 young (2048K), 1 survivors (2048K)
 Metaspace       used 80252K, committed 81088K, reserved 1179648K
  class space    used 9712K, committed 10048K, reserved 1048576K
}
Event: 1817.436 GC heap before
{Heap before GC invocations=22 (full 0):
 garbage-first heap   total reserved 3997696K, committed 108544K, used 94906K [0x000000070c000000, 0x0000000800000000)
  region size 2048K, 24 young (49152K), 1 survivors (2048K)
 Metaspace       used 82835K, committed 83712K, reserved 1179648K
  class space    used 10129K, committed 10496K, reserved 1048576K
}
Event: 1817.443 GC heap after
{Heap after GC invocations=23 (full 0):
 garbage-first heap   total reserved 3997696K, committed 108544K, used 51090K [0x000000070c000000, 0x0000000800000000)
  region size 2048K, 2 young (4096K), 2 survivors (4096K)
 Metaspace       used 82835K, committed 83712K, reserved 1179648K
  class space    used 10129K, committed 10496K, reserved 1048576K
}
Event: 2961.529 GC heap before
{Heap before GC invocations=23 (full 0):
 garbage-first heap   total reserved 3997696K, committed 108544K, used 92050K [0x000000070c000000, 0x0000000800000000)
  region size 2048K, 23 young (47104K), 2 survivors (4096K)
 Metaspace       used 85470K, committed 86400K, reserved 1179648K
  class space    used 10474K, committed 10880K, reserved 1048576K
}
Event: 2961.532 GC heap after
{Heap after GC invocations=24 (full 0):
 garbage-first heap   total reserved 3997696K, committed 108544K, used 51687K [0x000000070c000000, 0x0000000800000000)
  region size 2048K, 2 young (4096K), 2 survivors (4096K)
 Metaspace       used 85470K, committed 86400K, reserved 1179648K
  class space    used 10474K, committed 10880K, reserved 1048576K
}
Event: 3959.939 GC heap before
{Heap before GC invocations=25 (full 0):
 garbage-first heap   total reserved 3997696K, committed 108544K, used 94695K [0x000000070c000000, 0x0000000800000000)
  region size 2048K, 23 young (47104K), 2 survivors (4096K)
 Metaspace       used 86564K, committed 87296K, reserved 1179648K
  class space    used 10633K, committed 10944K, reserved 1048576K
}
Event: 3959.943 GC heap after
{Heap after GC invocations=26 (full 0):
 garbage-first heap   total reserved 3997696K, committed 108544K, used 52959K [0x000000070c000000, 0x0000000800000000)
  region size 2048K, 3 young (6144K), 3 survivors (6144K)
 Metaspace       used 86564K, committed 87296K, reserved 1179648K
  class space    used 10633K, committed 10944K, reserved 1048576K
}
Event: 5453.186 GC heap before
{Heap before GC invocations=26 (full 0):
 garbage-first heap   total reserved 3997696K, committed 108544K, used 91871K [0x000000070c000000, 0x0000000800000000)
  region size 2048K, 22 young (45056K), 3 survivors (6144K)
 Metaspace       used 86564K, committed 87296K, reserved 1179648K
  class space    used 10633K, committed 10944K, reserved 1048576K
}
Event: 5453.197 GC heap after
{Heap after GC invocations=27 (full 0):
 garbage-first heap   total reserved 3997696K, committed 108544K, used 47959K [0x000000070c000000, 0x0000000800000000)
  region size 2048K, 1 young (2048K), 1 survivors (2048K)
 Metaspace       used 86564K, committed 87296K, reserved 1179648K
  class space    used 10633K, committed 10944K, reserved 1048576K
}
Event: 10955.656 GC heap before
{Heap before GC invocations=27 (full 0):
 garbage-first heap   total reserved 3997696K, committed 108544K, used 97111K [0x000000070c000000, 0x0000000800000000)
  region size 2048K, 25 young (51200K), 1 survivors (2048K)
 Metaspace       used 87393K, committed 88064K, reserved 1179648K
  class space    used 10746K, committed 11008K, reserved 1048576K
}
Event: 10955.662 GC heap after
{Heap after GC invocations=28 (full 0):
 garbage-first heap   total reserved 3997696K, committed 108544K, used 48544K [0x000000070c000000, 0x0000000800000000)
  region size 2048K, 2 young (4096K), 2 survivors (4096K)
 Metaspace       used 87393K, committed 88064K, reserved 1179648K
  class space    used 10746K, committed 11008K, reserved 1048576K
}

